<?xml version="1.0" encoding="UTF-8"?>
<!-- Generated by org.testng.reporters.JUnitReportReporter -->
<testsuite skipped="0" hostname="Mds-MacBook-Pro.local" name="test.pageobjects.HomePageTest" tests="1" failures="0" timestamp="29 Dec 2018 08:22:04 GMT" time="11.492" errors="0">
  <testcase name="searchTest" time="11.492" classname="test.pageobjects.HomePageTest"/>
</testsuite> <!-- test.pageobjects.HomePageTest -->
