<?xml version="1.0" encoding="UTF-8"?>
<!-- Generated by org.testng.reporters.JUnitReportReporter -->
<testsuite skipped="0" hostname="Mds-MacBook-Pro.local" name="test.pageobjects.ContactUsPageTest" tests="1" failures="0" timestamp="29 Dec 2018 08:22:04 GMT" time="8.105" errors="0">
  <testcase name="contactUsTest" time="8.105" classname="test.pageobjects.ContactUsPageTest"/>
</testsuite> <!-- test.pageobjects.ContactUsPageTest -->
