<?xml version="1.0" encoding="UTF-8"?>
<!-- Generated by org.testng.reporters.JUnitReportReporter -->
<testsuite skipped="0" hostname="Mds-MacBook-Pro.local" name="test.pageobjects.ContactUsPageTest" tests="1" failures="0" timestamp="31 Dec 2018 06:24:43 GMT" time="9.191" errors="0">
  <testcase name="contactUsTest" time="9.191" classname="test.pageobjects.ContactUsPageTest"/>
</testsuite> <!-- test.pageobjects.ContactUsPageTest -->
