<?xml version="1.0" encoding="UTF-8"?>
<!-- Generated by org.testng.reporters.JUnitReportReporter -->
<<<<<<< HEAD
<testsuite skipped="0" hostname="Mds-MacBook-Pro.local" name="test.pageobjects.LogInTest" tests="1" failures="0" timestamp="29 Dec 2018 07:07:38 GMT" time="46.429" errors="0">
  <testcase name="LogInTest" time="46.429" classname="test.pageobjects.LogInTest"/>
=======
<testsuite skipped="0" hostname="Mds-MacBook-Pro.local" name="test.pageobjects.LogInTest" tests="1" failures="0" timestamp="29 Dec 2018 09:37:25 GMT" time="14.879" errors="0">
  <testcase name="LogInTest" time="14.879" classname="test.pageobjects.LogInTest"/>
>>>>>>> origin/master
</testsuite> <!-- test.pageobjects.LogInTest -->
