<?xml version="1.0" encoding="UTF-8"?>
<!-- Generated by org.testng.reporters.JUnitReportReporter -->
<<<<<<< HEAD
<testsuite skipped="0" hostname="Mds-MacBook-Pro.local" name="test.pageobjects.HomePageTest" tests="1" failures="0" timestamp="29 Dec 2018 07:07:38 GMT" time="12.616" errors="0">
  <testcase name="searchTest" time="12.616" classname="test.pageobjects.HomePageTest"/>
=======
<testsuite skipped="0" hostname="Mds-MacBook-Pro.local" name="test.pageobjects.HomePageTest" tests="1" failures="0" timestamp="29 Dec 2018 09:37:25 GMT" time="6.747" errors="0">
  <testcase name="searchTest" time="6.747" classname="test.pageobjects.HomePageTest"/>
>>>>>>> origin/master
</testsuite> <!-- test.pageobjects.HomePageTest -->
