<?xml version="1.0" encoding="UTF-8"?>
<!-- Generated by org.testng.reporters.JUnitReportReporter -->
<testsuite skipped="0" hostname="Mds-MacBook-Pro.local" name="test.pageobjects.SignUpTest" tests="1" failures="0" timestamp="31 Dec 2018 07:50:16 GMT" time="20.599" errors="0">
  <testcase name="SignUpTest" time="20.599" classname="test.pageobjects.SignUpTest"/>
</testsuite> <!-- test.pageobjects.SignUpTest -->
