<?xml version="1.0" encoding="UTF-8"?>
<!-- Generated by org.testng.reporters.JUnitReportReporter -->
<testsuite skipped="0" hostname="Mds-MacBook-Pro.local" name="test.pageobjects.LogInTest" tests="1" failures="0" timestamp="31 Dec 2018 07:50:16 GMT" time="18.935" errors="0">
  <testcase name="LogInTest" time="18.935" classname="test.pageobjects.LogInTest"/>
</testsuite> <!-- test.pageobjects.LogInTest -->
