<?xml version="1.0" encoding="UTF-8"?>
<!-- Generated by org.testng.reporters.JUnitReportReporter -->
<<<<<<< HEAD
<testsuite skipped="0" hostname="Mds-MacBook-Pro.local" name="test.pageobjects.ContactUsPageTest" tests="1" failures="0" timestamp="29 Dec 2018 07:07:38 GMT" time="8.483" errors="0">
  <testcase name="contactUsTest" time="8.483" classname="test.pageobjects.ContactUsPageTest"/>
=======
<testsuite skipped="0" hostname="Mds-MacBook-Pro.local" name="test.pageobjects.ContactUsPageTest" tests="1" failures="0" timestamp="29 Dec 2018 09:37:25 GMT" time="4.903" errors="0">
  <testcase name="contactUsTest" time="4.903" classname="test.pageobjects.ContactUsPageTest"/>
>>>>>>> origin/master
</testsuite> <!-- test.pageobjects.ContactUsPageTest -->
