<?xml version="1.0" encoding="UTF-8"?>
<!-- Generated by org.testng.reporters.JUnitReportReporter -->
<testsuite skipped="0" hostname="Mds-MacBook-Pro.local" name="test.pageobjects.SignUpTest" tests="1" failures="0" timestamp="29 Dec 2018 08:22:04 GMT" time="19.840" errors="0">
  <testcase name="SignUpTest" time="19.840" classname="test.pageobjects.SignUpTest"/>
</testsuite> <!-- test.pageobjects.SignUpTest -->
